[2023-10-12 14:21:43] local.ERROR: [LoginController][login] cause:  It was not possible to parse your key, reason:  line: 90  
[2023-10-12 14:23:28] local.ERROR: [LoginController][login] cause:  It was not possible to parse your key, reason:  line: 90  
[2023-10-12 14:26:17] local.ERROR: [LoginController][login] cause:  It was not possible to parse your key, reason:  line: 90  
[2023-10-12 15:24:21] local.ERROR: [LoginController][login] cause:  It was not possible to parse your key, reason:  line: 90  
[2023-10-12 15:41:35] local.ERROR: [LoginController][login] cause:  It was not possible to parse your key, reason:  line: 90  
[2023-10-12 15:45:43] local.ERROR: [LoginController][login] cause:  It was not possible to parse your key, reason:  line: 90  
[2023-10-12 15:46:53] local.ERROR: [LoginController][login] cause:  It was not possible to parse your key, reason:  line: 90  
[2023-10-12 15:49:26] local.ERROR: SQLSTATE[23000]: Integrity constraint violation: 1062 Duplicate entry '1' for key 'PRIMARY' (SQL: insert into `ec_admins` (`address`, `agency_id`, `created_by`, `email`, `full_name`, `id`, `latest_active`, `password`, `role_id`, `status`) values (Hà Nội, -1, 1, YWRtaW5AaXRzLmNvbQ==, SXRzIERldmVsb3BlcnM=, 1, 2023-10-12 15:49:25, $2y$10$Www3D2m1hxIP2AL3.XnOG.4VkOiHf.PFr3FsSZAne5dGFLASli0ke, 1, 1)) {"exception":"[object] (Illuminate\\Database\\QueryException(code: 23000): SQLSTATE[23000]: Integrity constraint violation: 1062 Duplicate entry '1' for key 'PRIMARY' (SQL: insert into `ec_admins` (`address`, `agency_id`, `created_by`, `email`, `full_name`, `id`, `latest_active`, `password`, `role_id`, `status`) values (Hà Nội, -1, 1, YWRtaW5AaXRzLmNvbQ==, SXRzIERldmVsb3BlcnM=, 1, 2023-10-12 15:49:25, $2y$10$Www3D2m1hxIP2AL3.XnOG.4VkOiHf.PFr3FsSZAne5dGFLASli0ke, 1, 1)) at C:\\Users\\Admin\\Documents\\GitHub\\Test\\Laravel10\\vendor\\laravel\\framework\\src\\Illuminate\\Database\\Connection.php:712)
[stacktrace]
#0 C:\\Users\\Admin\\Documents\\GitHub\\Test\\Laravel10\\vendor\\laravel\\framework\\src\\Illuminate\\Database\\Connection.php(672): Illuminate\\Database\\Connection->runQueryCallback('insert into `ec...', Array, Object(Closure))
#1 C:\\Users\\Admin\\Documents\\GitHub\\Test\\Laravel10\\vendor\\laravel\\framework\\src\\Illuminate\\Database\\Connection.php(490): Illuminate\\Database\\Connection->run('insert into `ec...', Array, Object(Closure))
#2 C:\\Users\\Admin\\Documents\\GitHub\\Test\\Laravel10\\vendor\\laravel\\framework\\src\\Illuminate\\Database\\Connection.php(454): Illuminate\\Database\\Connection->statement('insert into `ec...', Array)
#3 C:\\Users\\Admin\\Documents\\GitHub\\Test\\Laravel10\\vendor\\laravel\\framework\\src\\Illuminate\\Database\\Query\\Builder.php(2978): Illuminate\\Database\\Connection->insert('insert into `ec...', Array)
#4 C:\\Users\\Admin\\Documents\\GitHub\\Test\\Laravel10\\database\\seeders\\AdminsTableSeeder.php(19): Illuminate\\Database\\Query\\Builder->insert(Array)
#5 C:\\Users\\Admin\\Documents\\GitHub\\Test\\Laravel10\\vendor\\laravel\\framework\\src\\Illuminate\\Container\\BoundMethod.php(36): Database\\Seeders\\AdminsTableSeeder->run()
#6 C:\\Users\\Admin\\Documents\\GitHub\\Test\\Laravel10\\vendor\\laravel\\framework\\src\\Illuminate\\Container\\Util.php(40): Illuminate\\Container\\BoundMethod::Illuminate\\Container\\{closure}()
#7 C:\\Users\\Admin\\Documents\\GitHub\\Test\\Laravel10\\vendor\\laravel\\framework\\src\\Illuminate\\Container\\BoundMethod.php(93): Illuminate\\Container\\Util::unwrapIfClosure(Object(Closure))
#8 C:\\Users\\Admin\\Documents\\GitHub\\Test\\Laravel10\\vendor\\laravel\\framework\\src\\Illuminate\\Container\\BoundMethod.php(35): Illuminate\\Container\\BoundMethod::callBoundMethod(Object(Illuminate\\Foundation\\Application), Array, Object(Closure))
#9 C:\\Users\\Admin\\Documents\\GitHub\\Test\\Laravel10\\vendor\\laravel\\framework\\src\\Illuminate\\Container\\Container.php(653): Illuminate\\Container\\BoundMethod::call(Object(Illuminate\\Foundation\\Application), Array, Array, NULL)
#10 C:\\Users\\Admin\\Documents\\GitHub\\Test\\Laravel10\\vendor\\laravel\\framework\\src\\Illuminate\\Database\\Seeder.php(149): Illuminate\\Container\\Container->call(Array, Array)
#11 C:\\Users\\Admin\\Documents\\GitHub\\Test\\Laravel10\\vendor\\laravel\\framework\\src\\Illuminate\\Database\\Console\\Seeds\\SeedCommand.php(66): Illuminate\\Database\\Seeder->__invoke()
#12 C:\\Users\\Admin\\Documents\\GitHub\\Test\\Laravel10\\vendor\\laravel\\framework\\src\\Illuminate\\Database\\Eloquent\\Concerns\\GuardsAttributes.php(157): Illuminate\\Database\\Console\\Seeds\\SeedCommand->Illuminate\\Database\\Console\\Seeds\\{closure}()
#13 C:\\Users\\Admin\\Documents\\GitHub\\Test\\Laravel10\\vendor\\laravel\\framework\\src\\Illuminate\\Database\\Console\\Seeds\\SeedCommand.php(65): Illuminate\\Database\\Eloquent\\Model::unguarded(Object(Closure))
#14 C:\\Users\\Admin\\Documents\\GitHub\\Test\\Laravel10\\vendor\\laravel\\framework\\src\\Illuminate\\Container\\BoundMethod.php(36): Illuminate\\Database\\Console\\Seeds\\SeedCommand->handle()
#15 C:\\Users\\Admin\\Documents\\GitHub\\Test\\Laravel10\\vendor\\laravel\\framework\\src\\Illuminate\\Container\\Util.php(40): Illuminate\\Container\\BoundMethod::Illuminate\\Container\\{closure}()
#16 C:\\Users\\Admin\\Documents\\GitHub\\Test\\Laravel10\\vendor\\laravel\\framework\\src\\Illuminate\\Container\\BoundMethod.php(93): Illuminate\\Container\\Util::unwrapIfClosure(Object(Closure))
#17 C:\\Users\\Admin\\Documents\\GitHub\\Test\\Laravel10\\vendor\\laravel\\framework\\src\\Illuminate\\Container\\BoundMethod.php(35): Illuminate\\Container\\BoundMethod::callBoundMethod(Object(Illuminate\\Foundation\\Application), Array, Object(Closure))
#18 C:\\Users\\Admin\\Documents\\GitHub\\Test\\Laravel10\\vendor\\laravel\\framework\\src\\Illuminate\\Container\\Container.php(653): Illuminate\\Container\\BoundMethod::call(Object(Illuminate\\Foundation\\Application), Array, Array, NULL)
#19 C:\\Users\\Admin\\Documents\\GitHub\\Test\\Laravel10\\vendor\\laravel\\framework\\src\\Illuminate\\Console\\Command.php(136): Illuminate\\Container\\Container->call(Array)
#20 C:\\Users\\Admin\\Documents\\GitHub\\Test\\Laravel10\\vendor\\symfony\\console\\Command\\Command.php(298): Illuminate\\Console\\Command->execute(Object(Symfony\\Component\\Console\\Input\\ArgvInput), Object(Illuminate\\Console\\OutputStyle))
#21 C:\\Users\\Admin\\Documents\\GitHub\\Test\\Laravel10\\vendor\\laravel\\framework\\src\\Illuminate\\Console\\Command.php(120): Symfony\\Component\\Console\\Command\\Command->run(Object(Symfony\\Component\\Console\\Input\\ArgvInput), Object(Illuminate\\Console\\OutputStyle))
#22 C:\\Users\\Admin\\Documents\\GitHub\\Test\\Laravel10\\vendor\\symfony\\console\\Application.php(1040): Illuminate\\Console\\Command->run(Object(Symfony\\Component\\Console\\Input\\ArgvInput), Object(Symfony\\Component\\Console\\Output\\ConsoleOutput))
#23 C:\\Users\\Admin\\Documents\\GitHub\\Test\\Laravel10\\vendor\\symfony\\console\\Application.php(301): Symfony\\Component\\Console\\Application->doRunCommand(Object(Illuminate\\Database\\Console\\Seeds\\SeedCommand), Object(Symfony\\Component\\Console\\Input\\ArgvInput), Object(Symfony\\Component\\Console\\Output\\ConsoleOutput))
#24 C:\\Users\\Admin\\Documents\\GitHub\\Test\\Laravel10\\vendor\\symfony\\console\\Application.php(171): Symfony\\Component\\Console\\Application->doRun(Object(Symfony\\Component\\Console\\Input\\ArgvInput), Object(Symfony\\Component\\Console\\Output\\ConsoleOutput))
#25 C:\\Users\\Admin\\Documents\\GitHub\\Test\\Laravel10\\vendor\\laravel\\framework\\src\\Illuminate\\Console\\Application.php(94): Symfony\\Component\\Console\\Application->run(Object(Symfony\\Component\\Console\\Input\\ArgvInput), Object(Symfony\\Component\\Console\\Output\\ConsoleOutput))
#26 C:\\Users\\Admin\\Documents\\GitHub\\Test\\Laravel10\\vendor\\laravel\\framework\\src\\Illuminate\\Foundation\\Console\\Kernel.php(129): Illuminate\\Console\\Application->run(Object(Symfony\\Component\\Console\\Input\\ArgvInput), Object(Symfony\\Component\\Console\\Output\\ConsoleOutput))
#27 C:\\Users\\Admin\\Documents\\GitHub\\Test\\Laravel10\\artisan(35): Illuminate\\Foundation\\Console\\Kernel->handle(Object(Symfony\\Component\\Console\\Input\\ArgvInput), Object(Symfony\\Component\\Console\\Output\\ConsoleOutput))
#28 {main}

[previous exception] [object] (PDOException(code: 23000): SQLSTATE[23000]: Integrity constraint violation: 1062 Duplicate entry '1' for key 'PRIMARY' at C:\\Users\\Admin\\Documents\\GitHub\\Test\\Laravel10\\vendor\\laravel\\framework\\src\\Illuminate\\Database\\Connection.php:501)
[stacktrace]
#0 C:\\Users\\Admin\\Documents\\GitHub\\Test\\Laravel10\\vendor\\laravel\\framework\\src\\Illuminate\\Database\\Connection.php(501): PDOStatement->execute()
#1 C:\\Users\\Admin\\Documents\\GitHub\\Test\\Laravel10\\vendor\\laravel\\framework\\src\\Illuminate\\Database\\Connection.php(705): Illuminate\\Database\\Connection->Illuminate\\Database\\{closure}('insert into `ec...', Array)
#2 C:\\Users\\Admin\\Documents\\GitHub\\Test\\Laravel10\\vendor\\laravel\\framework\\src\\Illuminate\\Database\\Connection.php(672): Illuminate\\Database\\Connection->runQueryCallback('insert into `ec...', Array, Object(Closure))
#3 C:\\Users\\Admin\\Documents\\GitHub\\Test\\Laravel10\\vendor\\laravel\\framework\\src\\Illuminate\\Database\\Connection.php(490): Illuminate\\Database\\Connection->run('insert into `ec...', Array, Object(Closure))
#4 C:\\Users\\Admin\\Documents\\GitHub\\Test\\Laravel10\\vendor\\laravel\\framework\\src\\Illuminate\\Database\\Connection.php(454): Illuminate\\Database\\Connection->statement('insert into `ec...', Array)
#5 C:\\Users\\Admin\\Documents\\GitHub\\Test\\Laravel10\\vendor\\laravel\\framework\\src\\Illuminate\\Database\\Query\\Builder.php(2978): Illuminate\\Database\\Connection->insert('insert into `ec...', Array)
#6 C:\\Users\\Admin\\Documents\\GitHub\\Test\\Laravel10\\database\\seeders\\AdminsTableSeeder.php(19): Illuminate\\Database\\Query\\Builder->insert(Array)
#7 C:\\Users\\Admin\\Documents\\GitHub\\Test\\Laravel10\\vendor\\laravel\\framework\\src\\Illuminate\\Container\\BoundMethod.php(36): Database\\Seeders\\AdminsTableSeeder->run()
#8 C:\\Users\\Admin\\Documents\\GitHub\\Test\\Laravel10\\vendor\\laravel\\framework\\src\\Illuminate\\Container\\Util.php(40): Illuminate\\Container\\BoundMethod::Illuminate\\Container\\{closure}()
#9 C:\\Users\\Admin\\Documents\\GitHub\\Test\\Laravel10\\vendor\\laravel\\framework\\src\\Illuminate\\Container\\BoundMethod.php(93): Illuminate\\Container\\Util::unwrapIfClosure(Object(Closure))
#10 C:\\Users\\Admin\\Documents\\GitHub\\Test\\Laravel10\\vendor\\laravel\\framework\\src\\Illuminate\\Container\\BoundMethod.php(35): Illuminate\\Container\\BoundMethod::callBoundMethod(Object(Illuminate\\Foundation\\Application), Array, Object(Closure))
#11 C:\\Users\\Admin\\Documents\\GitHub\\Test\\Laravel10\\vendor\\laravel\\framework\\src\\Illuminate\\Container\\Container.php(653): Illuminate\\Container\\BoundMethod::call(Object(Illuminate\\Foundation\\Application), Array, Array, NULL)
#12 C:\\Users\\Admin\\Documents\\GitHub\\Test\\Laravel10\\vendor\\laravel\\framework\\src\\Illuminate\\Database\\Seeder.php(149): Illuminate\\Container\\Container->call(Array, Array)
#13 C:\\Users\\Admin\\Documents\\GitHub\\Test\\Laravel10\\vendor\\laravel\\framework\\src\\Illuminate\\Database\\Console\\Seeds\\SeedCommand.php(66): Illuminate\\Database\\Seeder->__invoke()
#14 C:\\Users\\Admin\\Documents\\GitHub\\Test\\Laravel10\\vendor\\laravel\\framework\\src\\Illuminate\\Database\\Eloquent\\Concerns\\GuardsAttributes.php(157): Illuminate\\Database\\Console\\Seeds\\SeedCommand->Illuminate\\Database\\Console\\Seeds\\{closure}()
#15 C:\\Users\\Admin\\Documents\\GitHub\\Test\\Laravel10\\vendor\\laravel\\framework\\src\\Illuminate\\Database\\Console\\Seeds\\SeedCommand.php(65): Illuminate\\Database\\Eloquent\\Model::unguarded(Object(Closure))
#16 C:\\Users\\Admin\\Documents\\GitHub\\Test\\Laravel10\\vendor\\laravel\\framework\\src\\Illuminate\\Container\\BoundMethod.php(36): Illuminate\\Database\\Console\\Seeds\\SeedCommand->handle()
#17 C:\\Users\\Admin\\Documents\\GitHub\\Test\\Laravel10\\vendor\\laravel\\framework\\src\\Illuminate\\Container\\Util.php(40): Illuminate\\Container\\BoundMethod::Illuminate\\Container\\{closure}()
#18 C:\\Users\\Admin\\Documents\\GitHub\\Test\\Laravel10\\vendor\\laravel\\framework\\src\\Illuminate\\Container\\BoundMethod.php(93): Illuminate\\Container\\Util::unwrapIfClosure(Object(Closure))
#19 C:\\Users\\Admin\\Documents\\GitHub\\Test\\Laravel10\\vendor\\laravel\\framework\\src\\Illuminate\\Container\\BoundMethod.php(35): Illuminate\\Container\\BoundMethod::callBoundMethod(Object(Illuminate\\Foundation\\Application), Array, Object(Closure))
#20 C:\\Users\\Admin\\Documents\\GitHub\\Test\\Laravel10\\vendor\\laravel\\framework\\src\\Illuminate\\Container\\Container.php(653): Illuminate\\Container\\BoundMethod::call(Object(Illuminate\\Foundation\\Application), Array, Array, NULL)
#21 C:\\Users\\Admin\\Documents\\GitHub\\Test\\Laravel10\\vendor\\laravel\\framework\\src\\Illuminate\\Console\\Command.php(136): Illuminate\\Container\\Container->call(Array)
#22 C:\\Users\\Admin\\Documents\\GitHub\\Test\\Laravel10\\vendor\\symfony\\console\\Command\\Command.php(298): Illuminate\\Console\\Command->execute(Object(Symfony\\Component\\Console\\Input\\ArgvInput), Object(Illuminate\\Console\\OutputStyle))
#23 C:\\Users\\Admin\\Documents\\GitHub\\Test\\Laravel10\\vendor\\laravel\\framework\\src\\Illuminate\\Console\\Command.php(120): Symfony\\Component\\Console\\Command\\Command->run(Object(Symfony\\Component\\Console\\Input\\ArgvInput), Object(Illuminate\\Console\\OutputStyle))
#24 C:\\Users\\Admin\\Documents\\GitHub\\Test\\Laravel10\\vendor\\symfony\\console\\Application.php(1040): Illuminate\\Console\\Command->run(Object(Symfony\\Component\\Console\\Input\\ArgvInput), Object(Symfony\\Component\\Console\\Output\\ConsoleOutput))
#25 C:\\Users\\Admin\\Documents\\GitHub\\Test\\Laravel10\\vendor\\symfony\\console\\Application.php(301): Symfony\\Component\\Console\\Application->doRunCommand(Object(Illuminate\\Database\\Console\\Seeds\\SeedCommand), Object(Symfony\\Component\\Console\\Input\\ArgvInput), Object(Symfony\\Component\\Console\\Output\\ConsoleOutput))
#26 C:\\Users\\Admin\\Documents\\GitHub\\Test\\Laravel10\\vendor\\symfony\\console\\Application.php(171): Symfony\\Component\\Console\\Application->doRun(Object(Symfony\\Component\\Console\\Input\\ArgvInput), Object(Symfony\\Component\\Console\\Output\\ConsoleOutput))
#27 C:\\Users\\Admin\\Documents\\GitHub\\Test\\Laravel10\\vendor\\laravel\\framework\\src\\Illuminate\\Console\\Application.php(94): Symfony\\Component\\Console\\Application->run(Object(Symfony\\Component\\Console\\Input\\ArgvInput), Object(Symfony\\Component\\Console\\Output\\ConsoleOutput))
#28 C:\\Users\\Admin\\Documents\\GitHub\\Test\\Laravel10\\vendor\\laravel\\framework\\src\\Illuminate\\Foundation\\Console\\Kernel.php(129): Illuminate\\Console\\Application->run(Object(Symfony\\Component\\Console\\Input\\ArgvInput), Object(Symfony\\Component\\Console\\Output\\ConsoleOutput))
#29 C:\\Users\\Admin\\Documents\\GitHub\\Test\\Laravel10\\artisan(35): Illuminate\\Foundation\\Console\\Kernel->handle(Object(Symfony\\Component\\Console\\Input\\ArgvInput), Object(Symfony\\Component\\Console\\Output\\ConsoleOutput))
#30 {main}
"} 
[2023-10-12 15:50:51] local.ERROR: [LoginController][login] cause:  It was not possible to parse your key, reason:  line: 90  
[2023-10-12 15:51:58] local.ERROR: [LoginController][login] cause:  It was not possible to parse your key, reason:  line: 90  
[2023-10-12 15:52:33] local.ERROR: [LoginController][login] cause:  It was not possible to parse your key, reason:  line: 90  
[2023-10-12 16:16:53] local.ERROR: [LoginController][login] cause:  It was not possible to parse your key, reason:  line: 90  
