[2023-09-28 00:04:16] local.INFO: SELECT c.id, c.created_at, c.content, FROM_BASE64(u.name) AS sender_name, a.full_name AS receiver_name, a.email AS receiver_email, d.sent_date, d.code, d.name, d.id as doc_id, c.`status` FROM ec_document_conversations c JOIN ec_documents d ON c.document_id = d.id JOIN ec_document_assignees a ON c.send_id = a.id JOIN ec_users u ON d.created_by = u.id JOIN s_document_types dt ON d.document_type_id = dt.id WHERE d.company_id = ? AND c.delete_flag = 0 AND c.send_type = 1 AND d.document_type = ?  AND c.created_at >= ? AND c.created_at <= ? ORDER BY created_at desc LIMIT ? OFFSET  ?   
[2023-09-28 00:04:28] local.INFO: SELECT c.id, c.created_at, c.content, FROM_BASE64(u.name) AS sender_name, a.full_name AS receiver_name, a.email AS receiver_email, d.sent_date, d.code, d.name, d.id as doc_id, c.`status` FROM ec_document_conversations c JOIN ec_documents d ON c.document_id = d.id JOIN ec_document_assignees a ON c.send_id = a.id JOIN ec_users u ON d.created_by = u.id JOIN s_document_types dt ON d.document_type_id = dt.id WHERE d.company_id = ? AND c.delete_flag = 0 AND c.send_type = 1 AND d.document_type = ?  AND c.created_at >= ? AND c.created_at <= ? ORDER BY created_at desc LIMIT ? OFFSET  ?   
[2023-09-28 00:04:36] local.INFO: SELECT c.id, c.created_at, c.content, FROM_BASE64(u.name) AS sender_name, a.full_name AS receiver_name, a.email AS receiver_email, d.sent_date, d.code, d.name, d.id as doc_id, c.`status` FROM ec_document_conversations c JOIN ec_documents d ON c.document_id = d.id JOIN ec_document_assignees a ON c.send_id = a.id JOIN ec_users u ON d.created_by = u.id JOIN s_document_types dt ON d.document_type_id = dt.id WHERE d.company_id = ? AND c.delete_flag = 0 AND c.send_type = 1 AND d.document_type = ?  AND c.created_at >= ? AND c.created_at <= ? ORDER BY created_at desc LIMIT ? OFFSET  ?   
[2023-09-28 00:04:44] local.INFO: SELECT c.id, c.created_at, c.content, FROM_BASE64(u.name) AS sender_name, a.full_name AS receiver_name, a.email AS receiver_email, d.sent_date, d.code, d.name, d.id as doc_id, c.`status` FROM ec_document_conversations c JOIN ec_documents d ON c.document_id = d.id JOIN ec_document_assignees a ON c.send_id = a.id JOIN ec_users u ON d.created_by = u.id JOIN s_document_types dt ON d.document_type_id = dt.id WHERE d.company_id = ? AND c.delete_flag = 0 AND c.send_type = 1 AND d.document_type = ?  AND c.created_at >= ? AND c.created_at <= ? ORDER BY created_at desc LIMIT ? OFFSET  ?   
[2023-09-28 00:06:28] local.INFO: SELECT c.id, c.created_at, c.content, FROM_BASE64(u.name) AS sender_name, a.full_name AS receiver_name, a.email AS receiver_email, d.sent_date, d.code, d.name, d.id as doc_id, c.`status` FROM ec_document_conversations c JOIN ec_documents d ON c.document_id = d.id JOIN ec_document_assignees a ON c.send_id = a.id JOIN ec_users u ON d.created_by = u.id JOIN s_document_types dt ON d.document_type_id = dt.id WHERE d.company_id = ? AND c.delete_flag = 0 AND c.send_type = 1 AND d.document_type = ?  AND c.created_at >= ? AND c.created_at <= ? ORDER BY created_at desc LIMIT ? OFFSET  ?   
[2023-09-28 00:06:32] local.INFO: SELECT c.id, c.created_at, c.content, FROM_BASE64(u.name) AS sender_name, a.full_name AS receiver_name, a.email AS receiver_email, d.sent_date, d.code, d.name, d.id as doc_id, c.`status` FROM ec_document_conversations c JOIN ec_documents d ON c.document_id = d.id JOIN ec_document_assignees a ON c.send_id = a.id JOIN ec_users u ON d.created_by = u.id JOIN s_document_types dt ON d.document_type_id = dt.id WHERE d.company_id = ? AND c.delete_flag = 0 AND c.send_type = 1 AND d.document_type = ?  AND c.created_at >= ? AND c.created_at <= ? ORDER BY created_at desc LIMIT ? OFFSET  ?   
[2023-09-28 00:08:09] local.INFO: SELECT c.id, c.created_at, c.content, FROM_BASE64(u.name) AS sender_name, a.full_name AS receiver_name, a.email AS receiver_email, d.sent_date, d.code, d.name, d.id as doc_id, c.`status` FROM ec_document_conversations c JOIN ec_documents d ON c.document_id = d.id JOIN ec_document_assignees a ON c.send_id = a.id JOIN ec_users u ON d.created_by = u.id JOIN s_document_types dt ON d.document_type_id = dt.id WHERE d.company_id = ? AND c.delete_flag = 0 AND c.send_type = 1 AND d.document_type = ?  AND c.created_at >= ? AND c.created_at <= ? ORDER BY created_at desc LIMIT ? OFFSET  ?   
[2023-09-28 00:08:20] local.INFO: SELECT c.id, c.created_at, c.content, FROM_BASE64(u.name) AS sender_name, a.full_name AS receiver_name, a.email AS receiver_email, d.sent_date, d.code, d.name, d.id as doc_id, c.`status` FROM ec_document_conversations c JOIN ec_documents d ON c.document_id = d.id JOIN ec_document_assignees a ON c.send_id = a.id JOIN ec_users u ON d.created_by = u.id JOIN s_document_types dt ON d.document_type_id = dt.id WHERE d.company_id = ? AND c.delete_flag = 0 AND c.send_type = 1 AND d.document_type = ?  AND c.created_at >= ? AND c.created_at <= ? ORDER BY created_at desc LIMIT ? OFFSET  ?   
[2023-09-28 00:38:42] local.INFO: SELECT c.id, c.created_at, c.content, FROM_BASE64(u.name) AS sender_name, a.full_name AS receiver_name, a.email AS receiver_email, d.sent_date, d.code, d.name, d.id as doc_id, c.`status` FROM ec_document_conversations c JOIN ec_documents d ON c.document_id = d.id JOIN ec_document_assignees a ON c.send_id = a.id JOIN ec_users u ON d.created_by = u.id JOIN s_document_types dt ON d.document_type_id = dt.id WHERE d.company_id = ? AND c.delete_flag = 0 AND c.send_type = 1 AND d.document_type = ?  AND c.created_at >= ? AND c.created_at <= ? ORDER BY created_at desc LIMIT ? OFFSET  ?   
[2023-09-28 00:38:57] local.INFO: SELECT c.id, c.created_at, c.content, FROM_BASE64(u.name) AS sender_name, a.full_name AS receiver_name, a.email AS receiver_email, d.sent_date, d.code, d.name, d.id as doc_id, c.`status` FROM ec_document_conversations c JOIN ec_documents d ON c.document_id = d.id JOIN ec_document_assignees a ON c.send_id = a.id JOIN ec_users u ON d.created_by = u.id JOIN s_document_types dt ON d.document_type_id = dt.id WHERE d.company_id = ? AND c.delete_flag = 0 AND c.send_type = 1 AND d.document_type = ?  AND c.created_at >= ? AND c.created_at <= ? ORDER BY created_at desc LIMIT ? OFFSET  ?   
[2023-09-28 00:39:03] local.INFO: SELECT c.id, c.created_at, c.content, FROM_BASE64(u.name) AS sender_name, a.full_name AS receiver_name, a.email AS receiver_email, d.sent_date, d.code, d.name, d.id as doc_id, c.`status` FROM ec_document_conversations c JOIN ec_documents d ON c.document_id = d.id JOIN ec_document_assignees a ON c.send_id = a.id JOIN ec_users u ON d.created_by = u.id JOIN s_document_types dt ON d.document_type_id = dt.id WHERE d.company_id = ? AND c.delete_flag = 0 AND c.send_type = 1 AND d.document_type = ?  AND c.created_at >= ? AND c.created_at <= ? ORDER BY created_at desc LIMIT ? OFFSET  ?   
[2023-09-28 00:44:41] local.INFO: SELECT c.id, c.created_at, c.content, FROM_BASE64(u.name) AS sender_name, a.full_name AS receiver_name, a.email AS receiver_email, d.sent_date, d.code, d.name, d.id as doc_id, c.`status` FROM ec_document_conversations c JOIN ec_documents d ON c.document_id = d.id JOIN ec_document_assignees a ON c.send_id = a.id JOIN ec_users u ON d.created_by = u.id JOIN s_document_types dt ON d.document_type_id = dt.id WHERE d.company_id = ? AND c.delete_flag = 0 AND c.send_type = 1 AND d.document_type = ?  AND c.created_at >= ? AND c.created_at <= ? ORDER BY created_at desc LIMIT ? OFFSET  ?   
[2023-09-28 00:45:09] local.INFO: SELECT c.id, c.created_at, c.content, FROM_BASE64(u.name) AS sender_name, a.full_name AS receiver_name, a.email AS receiver_email, d.sent_date, d.code, d.name, d.id as doc_id, c.`status` FROM ec_document_conversations c JOIN ec_documents d ON c.document_id = d.id JOIN ec_document_assignees a ON c.send_id = a.id JOIN ec_users u ON d.created_by = u.id JOIN s_document_types dt ON d.document_type_id = dt.id WHERE d.company_id = ? AND c.delete_flag = 0 AND c.send_type = 1 AND d.document_type = ?  AND c.created_at >= ? AND c.created_at <= ? ORDER BY created_at desc LIMIT ? OFFSET  ?   
[2023-09-28 09:49:47] local.INFO: SELECT c.id, c.created_at, c.content, FROM_BASE64(u.name) AS sender_name, a.full_name AS receiver_name, a.email AS receiver_email, d.sent_date, d.code, d.name, d.id as doc_id, c.`status` FROM ec_document_conversations c JOIN ec_documents d ON c.document_id = d.id JOIN ec_document_assignees a ON c.send_id = a.id JOIN ec_users u ON d.created_by = u.id JOIN s_document_types dt ON d.document_type_id = dt.id WHERE d.company_id = ? AND c.delete_flag = 0 AND c.send_type = 1 AND d.document_type = ?  AND c.created_at >= ? AND c.created_at <= ? ORDER BY created_at desc LIMIT ? OFFSET  ?   
[2023-09-28 09:55:54] local.ERROR: The resource owner or authorization server denied the request. {"exception":"[object] (League\\OAuth2\\Server\\Exception\\OAuthServerException(code: 9): The resource owner or authorization server denied the request. at C:\\Users\\Admin\\Documents\\GitHub\\Project\\econtract-fe\\vendor\\league\\oauth2-server\\src\\Exception\\OAuthServerException.php:223)
[stacktrace]
#0 C:\\Users\\Admin\\Documents\\GitHub\\Project\\econtract-fe\\vendor\\league\\oauth2-server\\src\\AuthorizationValidators\\BearerTokenValidator.php(89): League\\OAuth2\\Server\\Exception\\OAuthServerException::accessDenied('Access token ha...')
#1 C:\\Users\\Admin\\Documents\\GitHub\\Project\\econtract-fe\\vendor\\league\\oauth2-server\\src\\ResourceServer.php(84): League\\OAuth2\\Server\\AuthorizationValidators\\BearerTokenValidator->validateAuthorization(Object(Zend\\Diactoros\\ServerRequest))
#2 C:\\Users\\Admin\\Documents\\GitHub\\Project\\econtract-fe\\vendor\\laravel\\passport\\src\\Guards\\TokenGuard.php(175): League\\OAuth2\\Server\\ResourceServer->validateAuthenticatedRequest(Object(Zend\\Diactoros\\ServerRequest))
#3 C:\\Users\\Admin\\Documents\\GitHub\\Project\\econtract-fe\\vendor\\laravel\\passport\\src\\Guards\\TokenGuard.php(127): Laravel\\Passport\\Guards\\TokenGuard->getPsrRequestViaBearerToken(Object(Illuminate\\Http\\Request))
#4 C:\\Users\\Admin\\Documents\\GitHub\\Project\\econtract-fe\\vendor\\laravel\\passport\\src\\Guards\\TokenGuard.php(90): Laravel\\Passport\\Guards\\TokenGuard->authenticateViaBearerToken(Object(Illuminate\\Http\\Request))
#5 C:\\Users\\Admin\\Documents\\GitHub\\Project\\econtract-fe\\vendor\\laravel\\passport\\src\\PassportServiceProvider.php(275): Laravel\\Passport\\Guards\\TokenGuard->user(Object(Illuminate\\Http\\Request))
#6 [internal function]: Laravel\\Passport\\PassportServiceProvider->Laravel\\Passport\\{closure}(Object(Illuminate\\Http\\Request), NULL)
#7 C:\\Users\\Admin\\Documents\\GitHub\\Project\\econtract-fe\\vendor\\laravel\\framework\\src\\Illuminate\\Auth\\RequestGuard.php(58): call_user_func(Object(Closure), Object(Illuminate\\Http\\Request), NULL)
#8 C:\\Users\\Admin\\Documents\\GitHub\\Project\\econtract-fe\\vendor\\laravel\\framework\\src\\Illuminate\\Auth\\GuardHelpers.php(60): Illuminate\\Auth\\RequestGuard->user()
#9 C:\\Users\\Admin\\Documents\\GitHub\\Project\\econtract-fe\\packages\\Customer\\src\\Middleware\\AuthenticateApi.php(63): Illuminate\\Auth\\RequestGuard->check()
#10 C:\\Users\\Admin\\Documents\\GitHub\\Project\\econtract-fe\\packages\\Customer\\src\\Middleware\\AuthenticateApi.php(46): Customer\\Middleware\\AuthenticateApi->authenticate(Array)
#11 C:\\Users\\Admin\\Documents\\GitHub\\Project\\econtract-fe\\vendor\\laravel\\framework\\src\\Illuminate\\Pipeline\\Pipeline.php(167): Customer\\Middleware\\AuthenticateApi->handle(Object(Illuminate\\Http\\Request), Object(Closure), 'api', 'jwt')
#12 C:\\Users\\Admin\\Documents\\GitHub\\Project\\econtract-fe\\vendor\\laravel\\framework\\src\\Illuminate\\Pipeline\\Pipeline.php(103): Illuminate\\Pipeline\\Pipeline->Illuminate\\Pipeline\\{closure}(Object(Illuminate\\Http\\Request))
#13 C:\\Users\\Admin\\Documents\\GitHub\\Project\\econtract-fe\\vendor\\laravel\\framework\\src\\Illuminate\\Routing\\Router.php(687): Illuminate\\Pipeline\\Pipeline->then(Object(Closure))
#14 C:\\Users\\Admin\\Documents\\GitHub\\Project\\econtract-fe\\vendor\\laravel\\framework\\src\\Illuminate\\Routing\\Router.php(662): Illuminate\\Routing\\Router->runRouteWithinStack(Object(Illuminate\\Routing\\Route), Object(Illuminate\\Http\\Request))
#15 C:\\Users\\Admin\\Documents\\GitHub\\Project\\econtract-fe\\vendor\\laravel\\framework\\src\\Illuminate\\Routing\\Router.php(628): Illuminate\\Routing\\Router->runRoute(Object(Illuminate\\Http\\Request), Object(Illuminate\\Routing\\Route))
#16 C:\\Users\\Admin\\Documents\\GitHub\\Project\\econtract-fe\\vendor\\laravel\\framework\\src\\Illuminate\\Routing\\Router.php(617): Illuminate\\Routing\\Router->dispatchToRoute(Object(Illuminate\\Http\\Request))
#17 C:\\Users\\Admin\\Documents\\GitHub\\Project\\econtract-fe\\vendor\\laravel\\framework\\src\\Illuminate\\Foundation\\Http\\Kernel.php(165): Illuminate\\Routing\\Router->dispatch(Object(Illuminate\\Http\\Request))
#18 C:\\Users\\Admin\\Documents\\GitHub\\Project\\econtract-fe\\vendor\\laravel\\framework\\src\\Illuminate\\Pipeline\\Pipeline.php(128): Illuminate\\Foundation\\Http\\Kernel->Illuminate\\Foundation\\Http\\{closure}(Object(Illuminate\\Http\\Request))
#19 C:\\Users\\Admin\\Documents\\GitHub\\Project\\econtract-fe\\vendor\\sentry\\sentry-laravel\\src\\Sentry\\Laravel\\Http\\SetRequestIpMiddleware.php(45): Illuminate\\Pipeline\\Pipeline->Illuminate\\Pipeline\\{closure}(Object(Illuminate\\Http\\Request))
#20 C:\\Users\\Admin\\Documents\\GitHub\\Project\\econtract-fe\\vendor\\laravel\\framework\\src\\Illuminate\\Pipeline\\Pipeline.php(167): Sentry\\Laravel\\Http\\SetRequestIpMiddleware->handle(Object(Illuminate\\Http\\Request), Object(Closure))
#21 C:\\Users\\Admin\\Documents\\GitHub\\Project\\econtract-fe\\vendor\\sentry\\sentry-laravel\\src\\Sentry\\Laravel\\Http\\SetRequestMiddleware.php(42): Illuminate\\Pipeline\\Pipeline->Illuminate\\Pipeline\\{closure}(Object(Illuminate\\Http\\Request))
#22 C:\\Users\\Admin\\Documents\\GitHub\\Project\\econtract-fe\\vendor\\laravel\\framework\\src\\Illuminate\\Pipeline\\Pipeline.php(167): Sentry\\Laravel\\Http\\SetRequestMiddleware->handle(Object(Illuminate\\Http\\Request), Object(Closure))
#23 C:\\Users\\Admin\\Documents\\GitHub\\Project\\econtract-fe\\vendor\\laravel\\framework\\src\\Illuminate\\Foundation\\Http\\Middleware\\TransformsRequest.php(21): Illuminate\\Pipeline\\Pipeline->Illuminate\\Pipeline\\{closure}(Object(Illuminate\\Http\\Request))
#24 C:\\Users\\Admin\\Documents\\GitHub\\Project\\econtract-fe\\vendor\\laravel\\framework\\src\\Illuminate\\Pipeline\\Pipeline.php(167): Illuminate\\Foundation\\Http\\Middleware\\TransformsRequest->handle(Object(Illuminate\\Http\\Request), Object(Closure))
#25 C:\\Users\\Admin\\Documents\\GitHub\\Project\\econtract-fe\\vendor\\laravel\\framework\\src\\Illuminate\\Foundation\\Http\\Middleware\\TransformsRequest.php(21): Illuminate\\Pipeline\\Pipeline->Illuminate\\Pipeline\\{closure}(Object(Illuminate\\Http\\Request))
#26 C:\\Users\\Admin\\Documents\\GitHub\\Project\\econtract-fe\\vendor\\laravel\\framework\\src\\Illuminate\\Pipeline\\Pipeline.php(167): Illuminate\\Foundation\\Http\\Middleware\\TransformsRequest->handle(Object(Illuminate\\Http\\Request), Object(Closure))
#27 C:\\Users\\Admin\\Documents\\GitHub\\Project\\econtract-fe\\vendor\\laravel\\framework\\src\\Illuminate\\Foundation\\Http\\Middleware\\ValidatePostSize.php(27): Illuminate\\Pipeline\\Pipeline->Illuminate\\Pipeline\\{closure}(Object(Illuminate\\Http\\Request))
#28 C:\\Users\\Admin\\Documents\\GitHub\\Project\\econtract-fe\\vendor\\laravel\\framework\\src\\Illuminate\\Pipeline\\Pipeline.php(167): Illuminate\\Foundation\\Http\\Middleware\\ValidatePostSize->handle(Object(Illuminate\\Http\\Request), Object(Closure))
#29 C:\\Users\\Admin\\Documents\\GitHub\\Project\\econtract-fe\\vendor\\laravel\\framework\\src\\Illuminate\\Foundation\\Http\\Middleware\\CheckForMaintenanceMode.php(63): Illuminate\\Pipeline\\Pipeline->Illuminate\\Pipeline\\{closure}(Object(Illuminate\\Http\\Request))
#30 C:\\Users\\Admin\\Documents\\GitHub\\Project\\econtract-fe\\vendor\\laravel\\framework\\src\\Illuminate\\Pipeline\\Pipeline.php(167): Illuminate\\Foundation\\Http\\Middleware\\CheckForMaintenanceMode->handle(Object(Illuminate\\Http\\Request), Object(Closure))
#31 C:\\Users\\Admin\\Documents\\GitHub\\Project\\econtract-fe\\vendor\\fruitcake\\laravel-cors\\src\\HandleCors.php(52): Illuminate\\Pipeline\\Pipeline->Illuminate\\Pipeline\\{closure}(Object(Illuminate\\Http\\Request))
#32 C:\\Users\\Admin\\Documents\\GitHub\\Project\\econtract-fe\\vendor\\laravel\\framework\\src\\Illuminate\\Pipeline\\Pipeline.php(167): Fruitcake\\Cors\\HandleCors->handle(Object(Illuminate\\Http\\Request), Object(Closure))
#33 C:\\Users\\Admin\\Documents\\GitHub\\Project\\econtract-fe\\vendor\\fideloper\\proxy\\src\\TrustProxies.php(57): Illuminate\\Pipeline\\Pipeline->Illuminate\\Pipeline\\{closure}(Object(Illuminate\\Http\\Request))
#34 C:\\Users\\Admin\\Documents\\GitHub\\Project\\econtract-fe\\vendor\\laravel\\framework\\src\\Illuminate\\Pipeline\\Pipeline.php(167): Fideloper\\Proxy\\TrustProxies->handle(Object(Illuminate\\Http\\Request), Object(Closure))
#35 C:\\Users\\Admin\\Documents\\GitHub\\Project\\econtract-fe\\vendor\\sentry\\sentry-laravel\\src\\Sentry\\Laravel\\Tracing\\Middleware.php(53): Illuminate\\Pipeline\\Pipeline->Illuminate\\Pipeline\\{closure}(Object(Illuminate\\Http\\Request))
#36 C:\\Users\\Admin\\Documents\\GitHub\\Project\\econtract-fe\\vendor\\laravel\\framework\\src\\Illuminate\\Pipeline\\Pipeline.php(167): Sentry\\Laravel\\Tracing\\Middleware->handle(Object(Illuminate\\Http\\Request), Object(Closure))
#37 C:\\Users\\Admin\\Documents\\GitHub\\Project\\econtract-fe\\vendor\\laravel\\framework\\src\\Illuminate\\Pipeline\\Pipeline.php(103): Illuminate\\Pipeline\\Pipeline->Illuminate\\Pipeline\\{closure}(Object(Illuminate\\Http\\Request))
#38 C:\\Users\\Admin\\Documents\\GitHub\\Project\\econtract-fe\\vendor\\laravel\\framework\\src\\Illuminate\\Foundation\\Http\\Kernel.php(140): Illuminate\\Pipeline\\Pipeline->then(Object(Closure))
#39 C:\\Users\\Admin\\Documents\\GitHub\\Project\\econtract-fe\\vendor\\laravel\\framework\\src\\Illuminate\\Foundation\\Http\\Kernel.php(109): Illuminate\\Foundation\\Http\\Kernel->sendRequestThroughRouter(Object(Illuminate\\Http\\Request))
#40 C:\\Users\\Admin\\Documents\\GitHub\\Project\\econtract-fe\\public\\index.php(55): Illuminate\\Foundation\\Http\\Kernel->handle(Object(Illuminate\\Http\\Request))
#41 C:\\Users\\Admin\\Documents\\GitHub\\Project\\econtract-fe\\server.php(21): require_once('C:\\\\Users\\\\Admin\\\\...')
#42 {main}
"} 
[2023-09-28 09:55:56] local.ERROR: The resource owner or authorization server denied the request. {"exception":"[object] (League\\OAuth2\\Server\\Exception\\OAuthServerException(code: 9): The resource owner or authorization server denied the request. at C:\\Users\\Admin\\Documents\\GitHub\\Project\\econtract-fe\\vendor\\league\\oauth2-server\\src\\Exception\\OAuthServerException.php:223)
[stacktrace]
#0 C:\\Users\\Admin\\Documents\\GitHub\\Project\\econtract-fe\\vendor\\league\\oauth2-server\\src\\AuthorizationValidators\\BearerTokenValidator.php(89): League\\OAuth2\\Server\\Exception\\OAuthServerException::accessDenied('Access token ha...')
#1 C:\\Users\\Admin\\Documents\\GitHub\\Project\\econtract-fe\\vendor\\league\\oauth2-server\\src\\ResourceServer.php(84): League\\OAuth2\\Server\\AuthorizationValidators\\BearerTokenValidator->validateAuthorization(Object(Zend\\Diactoros\\ServerRequest))
#2 C:\\Users\\Admin\\Documents\\GitHub\\Project\\econtract-fe\\vendor\\laravel\\passport\\src\\Guards\\TokenGuard.php(175): League\\OAuth2\\Server\\ResourceServer->validateAuthenticatedRequest(Object(Zend\\Diactoros\\ServerRequest))
#3 C:\\Users\\Admin\\Documents\\GitHub\\Project\\econtract-fe\\vendor\\laravel\\passport\\src\\Guards\\TokenGuard.php(127): Laravel\\Passport\\Guards\\TokenGuard->getPsrRequestViaBearerToken(Object(Illuminate\\Http\\Request))
#4 C:\\Users\\Admin\\Documents\\GitHub\\Project\\econtract-fe\\vendor\\laravel\\passport\\src\\Guards\\TokenGuard.php(90): Laravel\\Passport\\Guards\\TokenGuard->authenticateViaBearerToken(Object(Illuminate\\Http\\Request))
#5 C:\\Users\\Admin\\Documents\\GitHub\\Project\\econtract-fe\\vendor\\laravel\\passport\\src\\PassportServiceProvider.php(275): Laravel\\Passport\\Guards\\TokenGuard->user(Object(Illuminate\\Http\\Request))
#6 [internal function]: Laravel\\Passport\\PassportServiceProvider->Laravel\\Passport\\{closure}(Object(Illuminate\\Http\\Request), NULL)
#7 C:\\Users\\Admin\\Documents\\GitHub\\Project\\econtract-fe\\vendor\\laravel\\framework\\src\\Illuminate\\Auth\\RequestGuard.php(58): call_user_func(Object(Closure), Object(Illuminate\\Http\\Request), NULL)
#8 C:\\Users\\Admin\\Documents\\GitHub\\Project\\econtract-fe\\vendor\\laravel\\framework\\src\\Illuminate\\Auth\\GuardHelpers.php(60): Illuminate\\Auth\\RequestGuard->user()
#9 C:\\Users\\Admin\\Documents\\GitHub\\Project\\econtract-fe\\packages\\Customer\\src\\Middleware\\AuthenticateApi.php(63): Illuminate\\Auth\\RequestGuard->check()
#10 C:\\Users\\Admin\\Documents\\GitHub\\Project\\econtract-fe\\packages\\Customer\\src\\Middleware\\AuthenticateApi.php(46): Customer\\Middleware\\AuthenticateApi->authenticate(Array)
#11 C:\\Users\\Admin\\Documents\\GitHub\\Project\\econtract-fe\\vendor\\laravel\\framework\\src\\Illuminate\\Pipeline\\Pipeline.php(167): Customer\\Middleware\\AuthenticateApi->handle(Object(Illuminate\\Http\\Request), Object(Closure), 'api', 'jwt')
#12 C:\\Users\\Admin\\Documents\\GitHub\\Project\\econtract-fe\\vendor\\laravel\\framework\\src\\Illuminate\\Pipeline\\Pipeline.php(103): Illuminate\\Pipeline\\Pipeline->Illuminate\\Pipeline\\{closure}(Object(Illuminate\\Http\\Request))
#13 C:\\Users\\Admin\\Documents\\GitHub\\Project\\econtract-fe\\vendor\\laravel\\framework\\src\\Illuminate\\Routing\\Router.php(687): Illuminate\\Pipeline\\Pipeline->then(Object(Closure))
#14 C:\\Users\\Admin\\Documents\\GitHub\\Project\\econtract-fe\\vendor\\laravel\\framework\\src\\Illuminate\\Routing\\Router.php(662): Illuminate\\Routing\\Router->runRouteWithinStack(Object(Illuminate\\Routing\\Route), Object(Illuminate\\Http\\Request))
#15 C:\\Users\\Admin\\Documents\\GitHub\\Project\\econtract-fe\\vendor\\laravel\\framework\\src\\Illuminate\\Routing\\Router.php(628): Illuminate\\Routing\\Router->runRoute(Object(Illuminate\\Http\\Request), Object(Illuminate\\Routing\\Route))
#16 C:\\Users\\Admin\\Documents\\GitHub\\Project\\econtract-fe\\vendor\\laravel\\framework\\src\\Illuminate\\Routing\\Router.php(617): Illuminate\\Routing\\Router->dispatchToRoute(Object(Illuminate\\Http\\Request))
#17 C:\\Users\\Admin\\Documents\\GitHub\\Project\\econtract-fe\\vendor\\laravel\\framework\\src\\Illuminate\\Foundation\\Http\\Kernel.php(165): Illuminate\\Routing\\Router->dispatch(Object(Illuminate\\Http\\Request))
#18 C:\\Users\\Admin\\Documents\\GitHub\\Project\\econtract-fe\\vendor\\laravel\\framework\\src\\Illuminate\\Pipeline\\Pipeline.php(128): Illuminate\\Foundation\\Http\\Kernel->Illuminate\\Foundation\\Http\\{closure}(Object(Illuminate\\Http\\Request))
#19 C:\\Users\\Admin\\Documents\\GitHub\\Project\\econtract-fe\\vendor\\sentry\\sentry-laravel\\src\\Sentry\\Laravel\\Http\\SetRequestIpMiddleware.php(45): Illuminate\\Pipeline\\Pipeline->Illuminate\\Pipeline\\{closure}(Object(Illuminate\\Http\\Request))
#20 C:\\Users\\Admin\\Documents\\GitHub\\Project\\econtract-fe\\vendor\\laravel\\framework\\src\\Illuminate\\Pipeline\\Pipeline.php(167): Sentry\\Laravel\\Http\\SetRequestIpMiddleware->handle(Object(Illuminate\\Http\\Request), Object(Closure))
#21 C:\\Users\\Admin\\Documents\\GitHub\\Project\\econtract-fe\\vendor\\sentry\\sentry-laravel\\src\\Sentry\\Laravel\\Http\\SetRequestMiddleware.php(42): Illuminate\\Pipeline\\Pipeline->Illuminate\\Pipeline\\{closure}(Object(Illuminate\\Http\\Request))
#22 C:\\Users\\Admin\\Documents\\GitHub\\Project\\econtract-fe\\vendor\\laravel\\framework\\src\\Illuminate\\Pipeline\\Pipeline.php(167): Sentry\\Laravel\\Http\\SetRequestMiddleware->handle(Object(Illuminate\\Http\\Request), Object(Closure))
#23 C:\\Users\\Admin\\Documents\\GitHub\\Project\\econtract-fe\\vendor\\laravel\\framework\\src\\Illuminate\\Foundation\\Http\\Middleware\\TransformsRequest.php(21): Illuminate\\Pipeline\\Pipeline->Illuminate\\Pipeline\\{closure}(Object(Illuminate\\Http\\Request))
#24 C:\\Users\\Admin\\Documents\\GitHub\\Project\\econtract-fe\\vendor\\laravel\\framework\\src\\Illuminate\\Pipeline\\Pipeline.php(167): Illuminate\\Foundation\\Http\\Middleware\\TransformsRequest->handle(Object(Illuminate\\Http\\Request), Object(Closure))
#25 C:\\Users\\Admin\\Documents\\GitHub\\Project\\econtract-fe\\vendor\\laravel\\framework\\src\\Illuminate\\Foundation\\Http\\Middleware\\TransformsRequest.php(21): Illuminate\\Pipeline\\Pipeline->Illuminate\\Pipeline\\{closure}(Object(Illuminate\\Http\\Request))
#26 C:\\Users\\Admin\\Documents\\GitHub\\Project\\econtract-fe\\vendor\\laravel\\framework\\src\\Illuminate\\Pipeline\\Pipeline.php(167): Illuminate\\Foundation\\Http\\Middleware\\TransformsRequest->handle(Object(Illuminate\\Http\\Request), Object(Closure))
#27 C:\\Users\\Admin\\Documents\\GitHub\\Project\\econtract-fe\\vendor\\laravel\\framework\\src\\Illuminate\\Foundation\\Http\\Middleware\\ValidatePostSize.php(27): Illuminate\\Pipeline\\Pipeline->Illuminate\\Pipeline\\{closure}(Object(Illuminate\\Http\\Request))
#28 C:\\Users\\Admin\\Documents\\GitHub\\Project\\econtract-fe\\vendor\\laravel\\framework\\src\\Illuminate\\Pipeline\\Pipeline.php(167): Illuminate\\Foundation\\Http\\Middleware\\ValidatePostSize->handle(Object(Illuminate\\Http\\Request), Object(Closure))
#29 C:\\Users\\Admin\\Documents\\GitHub\\Project\\econtract-fe\\vendor\\laravel\\framework\\src\\Illuminate\\Foundation\\Http\\Middleware\\CheckForMaintenanceMode.php(63): Illuminate\\Pipeline\\Pipeline->Illuminate\\Pipeline\\{closure}(Object(Illuminate\\Http\\Request))
#30 C:\\Users\\Admin\\Documents\\GitHub\\Project\\econtract-fe\\vendor\\laravel\\framework\\src\\Illuminate\\Pipeline\\Pipeline.php(167): Illuminate\\Foundation\\Http\\Middleware\\CheckForMaintenanceMode->handle(Object(Illuminate\\Http\\Request), Object(Closure))
#31 C:\\Users\\Admin\\Documents\\GitHub\\Project\\econtract-fe\\vendor\\fruitcake\\laravel-cors\\src\\HandleCors.php(52): Illuminate\\Pipeline\\Pipeline->Illuminate\\Pipeline\\{closure}(Object(Illuminate\\Http\\Request))
#32 C:\\Users\\Admin\\Documents\\GitHub\\Project\\econtract-fe\\vendor\\laravel\\framework\\src\\Illuminate\\Pipeline\\Pipeline.php(167): Fruitcake\\Cors\\HandleCors->handle(Object(Illuminate\\Http\\Request), Object(Closure))
#33 C:\\Users\\Admin\\Documents\\GitHub\\Project\\econtract-fe\\vendor\\fideloper\\proxy\\src\\TrustProxies.php(57): Illuminate\\Pipeline\\Pipeline->Illuminate\\Pipeline\\{closure}(Object(Illuminate\\Http\\Request))
#34 C:\\Users\\Admin\\Documents\\GitHub\\Project\\econtract-fe\\vendor\\laravel\\framework\\src\\Illuminate\\Pipeline\\Pipeline.php(167): Fideloper\\Proxy\\TrustProxies->handle(Object(Illuminate\\Http\\Request), Object(Closure))
#35 C:\\Users\\Admin\\Documents\\GitHub\\Project\\econtract-fe\\vendor\\sentry\\sentry-laravel\\src\\Sentry\\Laravel\\Tracing\\Middleware.php(53): Illuminate\\Pipeline\\Pipeline->Illuminate\\Pipeline\\{closure}(Object(Illuminate\\Http\\Request))
#36 C:\\Users\\Admin\\Documents\\GitHub\\Project\\econtract-fe\\vendor\\laravel\\framework\\src\\Illuminate\\Pipeline\\Pipeline.php(167): Sentry\\Laravel\\Tracing\\Middleware->handle(Object(Illuminate\\Http\\Request), Object(Closure))
#37 C:\\Users\\Admin\\Documents\\GitHub\\Project\\econtract-fe\\vendor\\laravel\\framework\\src\\Illuminate\\Pipeline\\Pipeline.php(103): Illuminate\\Pipeline\\Pipeline->Illuminate\\Pipeline\\{closure}(Object(Illuminate\\Http\\Request))
#38 C:\\Users\\Admin\\Documents\\GitHub\\Project\\econtract-fe\\vendor\\laravel\\framework\\src\\Illuminate\\Foundation\\Http\\Kernel.php(140): Illuminate\\Pipeline\\Pipeline->then(Object(Closure))
#39 C:\\Users\\Admin\\Documents\\GitHub\\Project\\econtract-fe\\vendor\\laravel\\framework\\src\\Illuminate\\Foundation\\Http\\Kernel.php(109): Illuminate\\Foundation\\Http\\Kernel->sendRequestThroughRouter(Object(Illuminate\\Http\\Request))
#40 C:\\Users\\Admin\\Documents\\GitHub\\Project\\econtract-fe\\public\\index.php(55): Illuminate\\Foundation\\Http\\Kernel->handle(Object(Illuminate\\Http\\Request))
#41 C:\\Users\\Admin\\Documents\\GitHub\\Project\\econtract-fe\\server.php(21): require_once('C:\\\\Users\\\\Admin\\\\...')
#42 {main}
"} 
[2023-09-28 09:55:57] local.ERROR: The resource owner or authorization server denied the request. {"exception":"[object] (League\\OAuth2\\Server\\Exception\\OAuthServerException(code: 9): The resource owner or authorization server denied the request. at C:\\Users\\Admin\\Documents\\GitHub\\Project\\econtract-fe\\vendor\\league\\oauth2-server\\src\\Exception\\OAuthServerException.php:223)
[stacktrace]
#0 C:\\Users\\Admin\\Documents\\GitHub\\Project\\econtract-fe\\vendor\\league\\oauth2-server\\src\\AuthorizationValidators\\BearerTokenValidator.php(89): League\\OAuth2\\Server\\Exception\\OAuthServerException::accessDenied('Access token ha...')
#1 C:\\Users\\Admin\\Documents\\GitHub\\Project\\econtract-fe\\vendor\\league\\oauth2-server\\src\\ResourceServer.php(84): League\\OAuth2\\Server\\AuthorizationValidators\\BearerTokenValidator->validateAuthorization(Object(Zend\\Diactoros\\ServerRequest))
#2 C:\\Users\\Admin\\Documents\\GitHub\\Project\\econtract-fe\\vendor\\laravel\\passport\\src\\Guards\\TokenGuard.php(175): League\\OAuth2\\Server\\ResourceServer->validateAuthenticatedRequest(Object(Zend\\Diactoros\\ServerRequest))
#3 C:\\Users\\Admin\\Documents\\GitHub\\Project\\econtract-fe\\vendor\\laravel\\passport\\src\\Guards\\TokenGuard.php(127): Laravel\\Passport\\Guards\\TokenGuard->getPsrRequestViaBearerToken(Object(Illuminate\\Http\\Request))
#4 C:\\Users\\Admin\\Documents\\GitHub\\Project\\econtract-fe\\vendor\\laravel\\passport\\src\\Guards\\TokenGuard.php(90): Laravel\\Passport\\Guards\\TokenGuard->authenticateViaBearerToken(Object(Illuminate\\Http\\Request))
#5 C:\\Users\\Admin\\Documents\\GitHub\\Project\\econtract-fe\\vendor\\laravel\\passport\\src\\PassportServiceProvider.php(275): Laravel\\Passport\\Guards\\TokenGuard->user(Object(Illuminate\\Http\\Request))
#6 [internal function]: Laravel\\Passport\\PassportServiceProvider->Laravel\\Passport\\{closure}(Object(Illuminate\\Http\\Request), NULL)
#7 C:\\Users\\Admin\\Documents\\GitHub\\Project\\econtract-fe\\vendor\\laravel\\framework\\src\\Illuminate\\Auth\\RequestGuard.php(58): call_user_func(Object(Closure), Object(Illuminate\\Http\\Request), NULL)
#8 C:\\Users\\Admin\\Documents\\GitHub\\Project\\econtract-fe\\vendor\\laravel\\framework\\src\\Illuminate\\Auth\\GuardHelpers.php(60): Illuminate\\Auth\\RequestGuard->user()
#9 C:\\Users\\Admin\\Documents\\GitHub\\Project\\econtract-fe\\packages\\Customer\\src\\Middleware\\AuthenticateApi.php(63): Illuminate\\Auth\\RequestGuard->check()
#10 C:\\Users\\Admin\\Documents\\GitHub\\Project\\econtract-fe\\packages\\Customer\\src\\Middleware\\AuthenticateApi.php(46): Customer\\Middleware\\AuthenticateApi->authenticate(Array)
#11 C:\\Users\\Admin\\Documents\\GitHub\\Project\\econtract-fe\\vendor\\laravel\\framework\\src\\Illuminate\\Pipeline\\Pipeline.php(167): Customer\\Middleware\\AuthenticateApi->handle(Object(Illuminate\\Http\\Request), Object(Closure), 'api', 'jwt')
#12 C:\\Users\\Admin\\Documents\\GitHub\\Project\\econtract-fe\\vendor\\laravel\\framework\\src\\Illuminate\\Pipeline\\Pipeline.php(103): Illuminate\\Pipeline\\Pipeline->Illuminate\\Pipeline\\{closure}(Object(Illuminate\\Http\\Request))
#13 C:\\Users\\Admin\\Documents\\GitHub\\Project\\econtract-fe\\vendor\\laravel\\framework\\src\\Illuminate\\Routing\\Router.php(687): Illuminate\\Pipeline\\Pipeline->then(Object(Closure))
#14 C:\\Users\\Admin\\Documents\\GitHub\\Project\\econtract-fe\\vendor\\laravel\\framework\\src\\Illuminate\\Routing\\Router.php(662): Illuminate\\Routing\\Router->runRouteWithinStack(Object(Illuminate\\Routing\\Route), Object(Illuminate\\Http\\Request))
#15 C:\\Users\\Admin\\Documents\\GitHub\\Project\\econtract-fe\\vendor\\laravel\\framework\\src\\Illuminate\\Routing\\Router.php(628): Illuminate\\Routing\\Router->runRoute(Object(Illuminate\\Http\\Request), Object(Illuminate\\Routing\\Route))
#16 C:\\Users\\Admin\\Documents\\GitHub\\Project\\econtract-fe\\vendor\\laravel\\framework\\src\\Illuminate\\Routing\\Router.php(617): Illuminate\\Routing\\Router->dispatchToRoute(Object(Illuminate\\Http\\Request))
#17 C:\\Users\\Admin\\Documents\\GitHub\\Project\\econtract-fe\\vendor\\laravel\\framework\\src\\Illuminate\\Foundation\\Http\\Kernel.php(165): Illuminate\\Routing\\Router->dispatch(Object(Illuminate\\Http\\Request))
#18 C:\\Users\\Admin\\Documents\\GitHub\\Project\\econtract-fe\\vendor\\laravel\\framework\\src\\Illuminate\\Pipeline\\Pipeline.php(128): Illuminate\\Foundation\\Http\\Kernel->Illuminate\\Foundation\\Http\\{closure}(Object(Illuminate\\Http\\Request))
#19 C:\\Users\\Admin\\Documents\\GitHub\\Project\\econtract-fe\\vendor\\sentry\\sentry-laravel\\src\\Sentry\\Laravel\\Http\\SetRequestIpMiddleware.php(45): Illuminate\\Pipeline\\Pipeline->Illuminate\\Pipeline\\{closure}(Object(Illuminate\\Http\\Request))
#20 C:\\Users\\Admin\\Documents\\GitHub\\Project\\econtract-fe\\vendor\\laravel\\framework\\src\\Illuminate\\Pipeline\\Pipeline.php(167): Sentry\\Laravel\\Http\\SetRequestIpMiddleware->handle(Object(Illuminate\\Http\\Request), Object(Closure))
#21 C:\\Users\\Admin\\Documents\\GitHub\\Project\\econtract-fe\\vendor\\sentry\\sentry-laravel\\src\\Sentry\\Laravel\\Http\\SetRequestMiddleware.php(42): Illuminate\\Pipeline\\Pipeline->Illuminate\\Pipeline\\{closure}(Object(Illuminate\\Http\\Request))
#22 C:\\Users\\Admin\\Documents\\GitHub\\Project\\econtract-fe\\vendor\\laravel\\framework\\src\\Illuminate\\Pipeline\\Pipeline.php(167): Sentry\\Laravel\\Http\\SetRequestMiddleware->handle(Object(Illuminate\\Http\\Request), Object(Closure))
#23 C:\\Users\\Admin\\Documents\\GitHub\\Project\\econtract-fe\\vendor\\laravel\\framework\\src\\Illuminate\\Foundation\\Http\\Middleware\\TransformsRequest.php(21): Illuminate\\Pipeline\\Pipeline->Illuminate\\Pipeline\\{closure}(Object(Illuminate\\Http\\Request))
#24 C:\\Users\\Admin\\Documents\\GitHub\\Project\\econtract-fe\\vendor\\laravel\\framework\\src\\Illuminate\\Pipeline\\Pipeline.php(167): Illuminate\\Foundation\\Http\\Middleware\\TransformsRequest->handle(Object(Illuminate\\Http\\Request), Object(Closure))
#25 C:\\Users\\Admin\\Documents\\GitHub\\Project\\econtract-fe\\vendor\\laravel\\framework\\src\\Illuminate\\Foundation\\Http\\Middleware\\TransformsRequest.php(21): Illuminate\\Pipeline\\Pipeline->Illuminate\\Pipeline\\{closure}(Object(Illuminate\\Http\\Request))
#26 C:\\Users\\Admin\\Documents\\GitHub\\Project\\econtract-fe\\vendor\\laravel\\framework\\src\\Illuminate\\Pipeline\\Pipeline.php(167): Illuminate\\Foundation\\Http\\Middleware\\TransformsRequest->handle(Object(Illuminate\\Http\\Request), Object(Closure))
#27 C:\\Users\\Admin\\Documents\\GitHub\\Project\\econtract-fe\\vendor\\laravel\\framework\\src\\Illuminate\\Foundation\\Http\\Middleware\\ValidatePostSize.php(27): Illuminate\\Pipeline\\Pipeline->Illuminate\\Pipeline\\{closure}(Object(Illuminate\\Http\\Request))
#28 C:\\Users\\Admin\\Documents\\GitHub\\Project\\econtract-fe\\vendor\\laravel\\framework\\src\\Illuminate\\Pipeline\\Pipeline.php(167): Illuminate\\Foundation\\Http\\Middleware\\ValidatePostSize->handle(Object(Illuminate\\Http\\Request), Object(Closure))
#29 C:\\Users\\Admin\\Documents\\GitHub\\Project\\econtract-fe\\vendor\\laravel\\framework\\src\\Illuminate\\Foundation\\Http\\Middleware\\CheckForMaintenanceMode.php(63): Illuminate\\Pipeline\\Pipeline->Illuminate\\Pipeline\\{closure}(Object(Illuminate\\Http\\Request))
#30 C:\\Users\\Admin\\Documents\\GitHub\\Project\\econtract-fe\\vendor\\laravel\\framework\\src\\Illuminate\\Pipeline\\Pipeline.php(167): Illuminate\\Foundation\\Http\\Middleware\\CheckForMaintenanceMode->handle(Object(Illuminate\\Http\\Request), Object(Closure))
#31 C:\\Users\\Admin\\Documents\\GitHub\\Project\\econtract-fe\\vendor\\fruitcake\\laravel-cors\\src\\HandleCors.php(52): Illuminate\\Pipeline\\Pipeline->Illuminate\\Pipeline\\{closure}(Object(Illuminate\\Http\\Request))
#32 C:\\Users\\Admin\\Documents\\GitHub\\Project\\econtract-fe\\vendor\\laravel\\framework\\src\\Illuminate\\Pipeline\\Pipeline.php(167): Fruitcake\\Cors\\HandleCors->handle(Object(Illuminate\\Http\\Request), Object(Closure))
#33 C:\\Users\\Admin\\Documents\\GitHub\\Project\\econtract-fe\\vendor\\fideloper\\proxy\\src\\TrustProxies.php(57): Illuminate\\Pipeline\\Pipeline->Illuminate\\Pipeline\\{closure}(Object(Illuminate\\Http\\Request))
#34 C:\\Users\\Admin\\Documents\\GitHub\\Project\\econtract-fe\\vendor\\laravel\\framework\\src\\Illuminate\\Pipeline\\Pipeline.php(167): Fideloper\\Proxy\\TrustProxies->handle(Object(Illuminate\\Http\\Request), Object(Closure))
#35 C:\\Users\\Admin\\Documents\\GitHub\\Project\\econtract-fe\\vendor\\sentry\\sentry-laravel\\src\\Sentry\\Laravel\\Tracing\\Middleware.php(53): Illuminate\\Pipeline\\Pipeline->Illuminate\\Pipeline\\{closure}(Object(Illuminate\\Http\\Request))
#36 C:\\Users\\Admin\\Documents\\GitHub\\Project\\econtract-fe\\vendor\\laravel\\framework\\src\\Illuminate\\Pipeline\\Pipeline.php(167): Sentry\\Laravel\\Tracing\\Middleware->handle(Object(Illuminate\\Http\\Request), Object(Closure))
#37 C:\\Users\\Admin\\Documents\\GitHub\\Project\\econtract-fe\\vendor\\laravel\\framework\\src\\Illuminate\\Pipeline\\Pipeline.php(103): Illuminate\\Pipeline\\Pipeline->Illuminate\\Pipeline\\{closure}(Object(Illuminate\\Http\\Request))
#38 C:\\Users\\Admin\\Documents\\GitHub\\Project\\econtract-fe\\vendor\\laravel\\framework\\src\\Illuminate\\Foundation\\Http\\Kernel.php(140): Illuminate\\Pipeline\\Pipeline->then(Object(Closure))
#39 C:\\Users\\Admin\\Documents\\GitHub\\Project\\econtract-fe\\vendor\\laravel\\framework\\src\\Illuminate\\Foundation\\Http\\Kernel.php(109): Illuminate\\Foundation\\Http\\Kernel->sendRequestThroughRouter(Object(Illuminate\\Http\\Request))
#40 C:\\Users\\Admin\\Documents\\GitHub\\Project\\econtract-fe\\public\\index.php(55): Illuminate\\Foundation\\Http\\Kernel->handle(Object(Illuminate\\Http\\Request))
#41 C:\\Users\\Admin\\Documents\\GitHub\\Project\\econtract-fe\\server.php(21): require_once('C:\\\\Users\\\\Admin\\\\...')
#42 {main}
"} 
[2023-09-28 09:56:15] local.INFO: SELECT c.id, c.created_at, c.content, FROM_BASE64(u.name) AS sender_name, a.full_name AS receiver_name, a.email AS receiver_email, d.sent_date, d.code, d.name, d.id as doc_id, c.`status` FROM ec_document_conversations c JOIN ec_documents d ON c.document_id = d.id JOIN ec_document_assignees a ON c.send_id = a.id JOIN ec_users u ON d.created_by = u.id JOIN s_document_types dt ON d.document_type_id = dt.id WHERE d.company_id = ? AND c.delete_flag = 0 AND c.send_type = 1 AND d.document_type = ?  AND c.created_at >= ? AND c.created_at <= ? ORDER BY created_at desc LIMIT ? OFFSET  ?   
